SF:lib/model/radio_channel.dart
DA:10,5
DA:16,3
LF:2
LH:2
end_of_record
SF:lib/repositories/broadcast_api_data.dart
DA:3,6
DA:4,2
DA:10,2
DA:15,2
DA:20,2
DA:25,2
DA:30,2
DA:35,2
DA:40,2
LF:9
LH:9
end_of_record
SF:lib/routes/routes.dart
DA:11,1
DA:12,1
DA:14,1
DA:15,1
DA:16,1
DA:17,0
DA:18,0
DA:23,1
DA:24,1
DA:25,0
DA:26,0
DA:27,0
DA:28,0
DA:30,0
DA:36,1
DA:40,1
DA:41,1
DA:42,0
DA:43,0
LF:19
LH:10
end_of_record
SF:lib/views/screens/radio_list_screen.dart
DA:14,2
DA:16,0
DA:17,0
DA:23,0
DA:25,0
DA:26,0
DA:27,0
DA:30,0
DA:32,0
DA:33,0
DA:34,0
DA:35,0
DA:36,0
DA:37,0
DA:38,0
DA:45,0
DA:46,0
DA:47,0
DA:48,0
DA:49,0
DA:52,0
DA:59,0
DA:64,0
DA:65,0
DA:66,0
LF:25
LH:1
end_of_record
SF:lib/views/screens/radio_player_screen.dart
DA:15,0
DA:19,0
DA:20,0
DA:27,0
DA:29,0
DA:30,0
DA:33,0
DA:35,0
DA:36,0
DA:39,0
DA:40,0
DA:43,0
DA:44,0
DA:47,0
DA:49,0
DA:50,0
DA:51,0
DA:52,0
DA:53,0
DA:54,0
DA:55,0
DA:57,0
DA:59,0
DA:60,0
DA:61,0
DA:62,0
DA:63,0
DA:65,0
DA:70,0
DA:76,0
DA:77,0
DA:78,0
DA:79,0
DA:80,0
DA:81,0
DA:82,0
DA:83,0
DA:86,0
DA:87,0
DA:88,0
DA:90,0
DA:91,0
DA:97,0
LF:43
LH:0
end_of_record
SF:lib/bloc/radio_player_bloc/radio_player_bloc.dart
DA:13,1
DA:14,2
DA:15,1
DA:16,2
DA:17,2
DA:18,2
DA:21,1
DA:23,2
DA:24,1
DA:25,2
DA:26,2
DA:28,2
DA:29,2
DA:33,1
DA:35,2
DA:36,3
DA:39,1
DA:41,2
DA:42,1
LF:19
LH:19
end_of_record
SF:lib/bloc/radio_player_bloc/radio_player_event.dart
DA:4,1
DA:5,1
LF:2
LH:2
end_of_record
SF:lib/bloc/radio_player_bloc/radio_player_state.dart
DA:4,1
DA:5,1
DA:19,1
DA:21,1
DA:22,2
LF:5
LH:5
end_of_record
SF:lib/bloc/radio_list_bloc/radio_bloc.dart
DA:15,3
DA:16,2
DA:19,1
DA:20,1
DA:23,1
DA:25,2
DA:26,3
DA:27,2
LF:8
LH:8
end_of_record
SF:lib/bloc/radio_list_bloc/radio_state.dart
DA:11,1
LF:1
LH:1
end_of_record
SF:lib/views/widgets/radio_item.dart
DA:6,1
DA:10,1
DA:12,1
DA:14,1
DA:15,1
DA:19,1
DA:21,1
DA:22,1
DA:23,1
DA:24,1
DA:25,1
DA:26,2
LF:12
LH:12
end_of_record
SF:lib/views/widgets/play_pause_button.dart
DA:7,1
DA:13,1
DA:15,1
DA:17,1
DA:19,1
DA:20,1
DA:22,1
DA:23,1
DA:24,1
DA:25,1
DA:27,1
DA:30,1
LF:12
LH:12
end_of_record
SF:lib/views/widgets/radio_player_title_image.dart
DA:7,1
DA:13,0
DA:15,0
DA:17,0
DA:18,0
DA:20,0
DA:21,0
DA:22,0
DA:23,0
DA:28,0
DA:29,0
LF:11
LH:1
end_of_record
SF:lib/views/widgets/waver_visualizer.dart
DA:18,2
DA:20,1
DA:22,1
DA:24,1
DA:25,1
LF:5
LH:5
end_of_record
