SF:lib/model/radio_channel.dart
DA:10,4
DA:16,3
LF:2
LH:2
end_of_record
SF:lib/repositories/broadcast_api_data.dart
DA:3,6
DA:4,2
DA:10,2
DA:15,2
DA:20,2
DA:25,2
DA:30,2
DA:35,2
DA:40,2
LF:9
LH:9
end_of_record
SF:lib/views/widgets/radio_player_title_image.dart
DA:7,1
DA:13,1
DA:15,1
DA:17,1
DA:18,1
DA:20,1
DA:21,1
DA:22,1
DA:23,1
DA:28,1
DA:29,1
LF:11
LH:11
end_of_record
SF:lib/views/widgets/play_pause_button.dart
DA:7,1
DA:13,1
DA:15,1
DA:17,1
DA:19,1
DA:20,1
DA:22,1
DA:23,1
DA:24,1
DA:25,1
DA:27,1
DA:30,1
LF:12
LH:12
end_of_record
SF:lib/views/widgets/radio_item.dart
DA:6,1
DA:10,1
DA:12,1
DA:14,1
DA:15,1
DA:19,1
DA:21,1
DA:22,1
DA:23,1
DA:24,1
DA:25,1
DA:26,2
LF:12
LH:12
end_of_record
SF:lib/bloc/radio_list_bloc/radio_bloc.dart
DA:15,3
DA:16,2
DA:19,1
DA:20,1
DA:23,1
DA:25,2
DA:26,3
DA:27,2
LF:8
LH:8
end_of_record
SF:lib/bloc/radio_list_bloc/radio_state.dart
DA:11,1
LF:1
LH:1
end_of_record
SF:lib/bloc/radio_player_bloc/radio_player_bloc.dart
DA:13,1
DA:14,2
DA:15,1
DA:16,2
DA:17,2
DA:18,2
DA:21,1
DA:23,2
DA:24,1
DA:25,2
DA:26,2
DA:28,2
DA:29,2
DA:33,1
DA:35,2
DA:36,3
DA:39,1
DA:41,2
DA:42,1
LF:19
LH:19
end_of_record
SF:lib/bloc/radio_player_bloc/radio_player_event.dart
DA:4,1
DA:5,1
LF:2
LH:2
end_of_record
SF:lib/bloc/radio_player_bloc/radio_player_state.dart
DA:4,1
DA:5,1
DA:19,1
DA:21,1
DA:22,2
LF:5
LH:5
end_of_record
